<?xml version="1.0" encoding="UTF-8"?>
<testsuite name="pizzeria.negocio.PizzaStoreTests" tests="7" skipped="0" failures="0" errors="0" timestamp="2019-03-01T14:46:56" hostname="mlopez-win-prog" time="0.009">
  <properties/>
  <testcase name="pizzaStoreCreatePepperoniPizzaOk" classname="pizzeria.negocio.PizzaStoreTests" time="0.004"/>
  <testcase name="pizzaStoreCreateVeggiePizzaOk" classname="pizzeria.negocio.PizzaStoreTests" time="0.0"/>
  <testcase name="pizzaStoreOrderGroupOfPizzasBilling" classname="pizzeria.negocio.PizzaStoreTests" time="0.002"/>
  <testcase name="pizzaStoreCreateCheesePizzaOk" classname="pizzeria.negocio.PizzaStoreTests" time="0.0"/>
  <testcase name="pizzaStoreCreateGreekPizzaOk" classname="pizzeria.negocio.PizzaStoreTests" time="0.0"/>
  <testcase name="pizzaStoreOrderGroupOfPizzasGetCorrectPizzaTypes" classname="pizzeria.negocio.PizzaStoreTests" time="0.001"/>
  <testcase name="pizzaStoreCalmPizzaOk" classname="pizzeria.negocio.PizzaStoreTests" time="0.001"/>
  <system-out><![CDATA[]]></system-out>
  <system-err><![CDATA[]]></system-err>
</testsuite>
